<?xml version="1.0" encoding="UTF-8"?>
<!-- Generated by org.testng.reporters.JUnitReportReporter -->
<testsuite hostname="sunjian-HP" name="practicefour.Practice2OnTestNG" tests="1" failures="0" timestamp="12 Jul 2014 13:52:47 GMT" time="24.375" errors="0">
  <testcase name="accessMail" time="24.375" classname="practicefour.Practice2OnTestNG"/>
</testsuite> <!-- practicefour.Practice2OnTestNG -->
