<?xml version="1.0" encoding="UTF-8"?>
<!-- Generated by org.testng.reporters.JUnitReportReporter -->
<testsuite hostname="sunjian-HP" name="practicetwo.groups.Practice3OnTestng" tests="2" failures="0" timestamp="5 Jul 2014 13:52:09 GMT" time="0.013" errors="0">
  <testcase name="testSubModule1" time="0.012" classname="practicetwo.groups.Practice3OnTestng"/>
  <testcase name="testSubModule2" time="0.001" classname="practicetwo.groups.Practice3OnTestng"/>
</testsuite> <!-- practicetwo.groups.Practice3OnTestng -->
