<?xml version="1.0" encoding="UTF-8"?>
<!-- Generated by org.testng.reporters.JUnitReportReporter -->
<testsuite hostname="sunjian-HP" name="practicetwo.LaunchIE" tests="1" failures="0" timestamp="5 Jul 2014 13:19:28 GMT" time="0.064" errors="0">
  <testcase name="searchOnBaidu" time="0.064" classname="practicetwo.LaunchIE"/>
</testsuite> <!-- practicetwo.LaunchIE -->
