<?xml version="1.0" encoding="UTF-8"?>
<!-- Generated by org.testng.reporters.JUnitReportReporter -->
<testsuite hostname="sunjian-HP" name="practicefour.Practice1OnTestNG" tests="1" failures="0" timestamp="12 Jul 2014 12:40:50 GMT" time="0.011" errors="0">
  <testcase name="test" time="0.011" classname="practicefour.Practice1OnTestNG"/>
</testsuite> <!-- practicefour.Practice1OnTestNG -->
