<?xml version="1.0" encoding="UTF-8"?>
<!-- Generated by org.testng.reporters.JUnitReportReporter -->
<testsuite hostname="sunjian-HP" name="practicenine.newpractice_1.TestSQLite" tests="1" failures="0" timestamp="16 Aug 2014 14:42:34 GMT" time="7.317" errors="0">
  <testcase name="login126DotCom" time="7.317" classname="practicenine.newpractice_1.TestSQLite"/>
</testsuite> <!-- practicenine.newpractice_1.TestSQLite -->
