<?xml version="1.0" encoding="UTF-8"?>
<!-- Generated by org.testng.reporters.JUnitReportReporter -->
<testsuite hostname="sunjian-HP" name="practicetwo.LaunchFF" tests="1" failures="0" timestamp="10 May 2014 12:37:20 GMT" time="111.505" errors="0">
  <testcase name="searchOnBaidu" time="111.505" classname="practicetwo.LaunchFF"/>
</testsuite> <!-- practicetwo.LaunchFF -->
