<?xml version="1.0" encoding="UTF-8"?>
<!-- Generated by org.testng.reporters.JUnitReportReporter -->
<testsuite hostname="sunjian-HP" name="practicetwo.homework.MutipleBrowsers" tests="2" failures="0" timestamp="12 Jul 2014 12:48:21 GMT" time="21.697" errors="0">
  <testcase name="submodule4" time="11.873" classname="practicetwo.homework.MutipleBrowsers"/>
  <testcase name="submodule3" time="9.824" classname="practicetwo.homework.MutipleBrowsers"/>
</testsuite> <!-- practicetwo.homework.MutipleBrowsers -->
