<?xml version="1.0" encoding="UTF-8"?>
<!-- Generated by org.testng.reporters.JUnitReportReporter -->
<testsuite hostname="sunjian-HP" name="practicefive.TestCase" tests="1" failures="0" timestamp="26 Jul 2014 06:17:33 GMT" time="13.787" errors="0">
  <testcase name="dragAndDrop" time="13.787" classname="practicefive.TestCase"/>
</testsuite> <!-- practicefive.TestCase -->
