<?xml version="1.0" encoding="UTF-8"?>
<!-- Generated by org.testng.reporters.JUnitReportReporter -->
<testsuite hostname="sunjian-HP" name="practicetwo.LaunchChrome" tests="1" failures="0" timestamp="10 May 2014 12:52:33 GMT" time="1.228" errors="0">
  <testcase name="searchOnBaidu" time="1.228" classname="practicetwo.LaunchChrome"/>
</testsuite> <!-- practicetwo.LaunchChrome -->
