<?xml version="1.0" encoding="UTF-8"?>
<!-- Generated by org.testng.reporters.JUnitReportReporter -->
<testsuite hostname="sunjian-HP" name="practiceone.Practice1OnTestng" tests="4" failures="0" timestamp="5 Jul 2014 12:45:01 GMT" time="0.013" errors="0">
  <testcase name="test4" time="0.007" classname="practiceone.Practice1OnTestng"/>
  <testcase name="test2" time="0.001" classname="practiceone.Practice1OnTestng"/>
  <testcase name="test3" time="0.002" classname="practiceone.Practice1OnTestng"/>
  <testcase name="test1" time="0.003" classname="practiceone.Practice1OnTestng"/>
</testsuite> <!-- practiceone.Practice1OnTestng -->
