<?xml version="1.0" encoding="UTF-8"?>
<!-- Generated by org.testng.reporters.JUnitReportReporter -->
<testsuite hostname="sunjian-HP" name="practicetwo.launch.TestBrowsers" tests="1" failures="0" timestamp="5 Jul 2014 13:46:35 GMT" time="2.818" errors="0">
  <testcase name="start" time="2.818" classname="practicetwo.launch.TestBrowsers"/>
</testsuite> <!-- practicetwo.launch.TestBrowsers -->
